{
  "stats": {
    "suites": 5,
    "tests": 8,
    "passes": 7,
    "pending": 0,
    "failures": 1,
    "testsRegistered": 8,
    "passPercent": 87.5,
    "pendingPercent": 0,
    "other": 0,
    "hasOther": false,
    "skipped": 0,
    "hasSkipped": false,
    "start": "2024-01-14T10:27:33.309Z",
    "end": "2024-01-14T10:28:12.413Z",
    "duration": 39104
  },
  "results": [
    {
      "uuid": "a2980079-932f-41bc-8525-37b18c6cf01f",
      "title": "",
      "fullFile": "cypress/integration/addNewPlayer.js",
      "file": "cypress/integration/addNewPlayer.js",
      "beforeHooks": [],
      "afterHooks": [],
      "tests": [],
      "suites": [
        {
          "uuid": "20c7fb87-b776-46b9-a87a-2af5bea33165",
          "title": "Add a new player",
          "fullFile": "",
          "file": "",
          "beforeHooks": [],
          "afterHooks": [],
          "tests": [
            {
              "title": "Login",
              "fullTitle": "Add a new player Login",
              "timedOut": null,
              "duration": 5474,
              "state": "passed",
              "speed": "medium",
              "pass": true,
              "fail": false,
              "pending": false,
              "context": null,
              "code": "cy.visit(\"/\");\ncy.get(\"#login\").click().type(this.exempleData.login);\ncy.get(\"#password\").click().type(this.exempleData.password);\ncy.get(\".MuiButton-label\").eq(0).click();\ncy.contains(\"Add player\").click();",
              "err": {},
              "uuid": "0d800565-b3ac-4d7c-8baf-c8fa38cfb6ab",
              "parentUUID": "20c7fb87-b776-46b9-a87a-2af5bea33165",
              "isHook": false,
              "skipped": false
            },
            {
              "title": "Add player fields",
              "fullTitle": "Add a new player Add player fields",
              "timedOut": null,
              "duration": 4437,
              "state": "failed",
              "speed": null,
              "pass": false,
              "fail": true,
              "pending": false,
              "context": null,
              "code": "cy.get('input[name=\"email\"]').type(this.exempleData.email);\ncy.get('input[name=\"name\"]').type(this.exempleData.name);\ncy.get('input[name=\"surname\"]').type(this.exempleData.surname);\ncy.get('input[name=\"phone\"]').type(this.exempleData.phone, {\n  delay: 10\n});\ncy.get('input[name=\"weight\"]').type(this.exempleData.weight);\ncy.get('input[name=\"height\"]').type(this.exempleData.height);\ncy.get('input[name=\"age\"]').type(this.exempleData.age);\n_selectLeg.default.selectAllOption();\ncy.get('input[name=\"club\"]').type(this.exempleData.club);\ncy.get('input[name=\"level\"]').type(this.exempleData.level);\ncy.get('input[name=\"mainPosition\"]').type(this.exempleData.mainPosition);\ncy.get('input[name=\"secondPosition\"]').type(this.exempleData.secondPosition);\n_selectDistrict.default.selectAllOption();\ncy.get('input[name=\"achievements\"]').type(this.exempleData.achievements);\ncy.get('input[name=\"achievements\"]').type(this.exempleData.achievements);\ncy.contains(\"Add language\").click();\ncy.get('input[name=\"languages[0]\"]').type(this.exempleData.languages);\ncy.get('input[name=\"webLaczy\"]').type(this.exempleData.webLaczy);\ncy.get('input[name=\"web90\"]').type(this.exempleData.web90);\ncy.get('input[name=\"prevClub\"]').type(this.exempleData.prevClub);\ncy.contains(\"Add link to Youtube\").click();\ncy.get('input[name=\"webYT[0]\"]').type(this.exempleData.youtube);\ncy.get('button[type=\"submit\"]').click();",
              "err": {
                "message": "AssertionError: Timed out retrying after 4000ms: Expected to find element: `input[name=\"email\"]`, but never found it.",
                "estack": "AssertionError: Timed out retrying after 4000ms: Expected to find element: `input[name=\"email\"]`, but never found it.\n    at Context.eval (https://dareit.futbolkolektyw.pl/__cypress/tests?p=cypress\\integration\\addNewPlayer.js:139:8)",
                "diff": null
              },
              "uuid": "9de04d56-d6d6-4ea8-9057-1e74ad7fcc2a",
              "parentUUID": "20c7fb87-b776-46b9-a87a-2af5bea33165",
              "isHook": false,
              "skipped": false
            }
          ],
          "suites": [],
          "passes": [
            "0d800565-b3ac-4d7c-8baf-c8fa38cfb6ab"
          ],
          "failures": [
            "9de04d56-d6d6-4ea8-9057-1e74ad7fcc2a"
          ],
          "pending": [],
          "skipped": [],
          "duration": 9911,
          "root": false,
          "rootEmpty": false,
          "_timeout": 2000
        }
      ],
      "passes": [],
      "failures": [],
      "pending": [],
      "skipped": [],
      "duration": 0,
      "root": true,
      "rootEmpty": true,
      "_timeout": 2000
    },
    {
      "uuid": "790aa2eb-7863-45ef-b29e-d598c1c10e22",
      "title": "",
      "fullFile": "cypress/integration/designCheck.js",
      "file": "cypress/integration/designCheck.js",
      "beforeHooks": [],
      "afterHooks": [],
      "tests": [],
      "suites": [
        {
          "uuid": "cdf6ff49-7e26-46d6-9bdb-fd1cfbe74a73",
          "title": "Design check",
          "fullFile": "",
          "file": "",
          "beforeHooks": [],
          "afterHooks": [],
          "tests": [
            {
              "title": "Colour check",
              "fullTitle": "Design check Colour check",
              "timedOut": null,
              "duration": 966,
              "state": "passed",
              "speed": "fast",
              "pass": true,
              "fail": false,
              "pending": false,
              "context": null,
              "code": "cy.visit(\"/\"); //Sign in button\ncy.get('button[class=\"MuiButtonBase-root MuiButton-root MuiButton-contained jss5 MuiButton-containedPrimary\"]').should(\"have.css\", \"background-color\", \"rgb(63, 81, 181)\");\ncy.get('button[class=\"MuiButtonBase-root MuiButton-root MuiButton-contained jss5 MuiButton-containedPrimary\"]').then(kolor => {\n  expect(kolor).to.have.css(\"background-color\", \"rgb(63, 81, 181)\");\n}); //Remaind password\ncy.get('a[class=\"MuiTypography-root MuiLink-root MuiLink-underlineHover jss4 MuiTypography-colorPrimary\"]').should(\"have.css\", \"color\", \"rgb(63, 81, 181)\");\ncy.get('a[class=\"MuiTypography-root MuiLink-root MuiLink-underlineHover jss4 MuiTypography-colorPrimary\"]').then(kolor => {\n  expect(kolor).to.have.css(\"color\", \"rgb(63, 81, 181)\");\n});\ncy.get('a[class=\"MuiTypography-root MuiLink-root MuiLink-underlineHover jss4 MuiTypography-colorPrimary\"]').should(\"have.css\", \"font-size\", \"14px\");\ncy.get('a[class=\"MuiTypography-root MuiLink-root MuiLink-underlineHover jss4 MuiTypography-colorPrimary\"]').then(kolor => {\n  expect(kolor).to.have.css(\"font-size\", \"14px\");\n}); //Title\ncy.get(\"h5\").should(\"have.css\", \"font-size\", \"24px\");\ncy.get(\"h5\").then(kolor => {\n  expect(kolor).to.have.css(\"font-size\", \"24px\");\n});\ncy.get(\"h5\").should(\"have.css\", \"color\", \"rgba(0, 0, 0, 0.87)\");\ncy.get(\"h5\").then(kolor => {\n  expect(kolor).to.have.css(\"color\", \"rgba(0, 0, 0, 0.87)\");\n});",
              "err": {},
              "uuid": "2965d5c2-fd84-4fb4-bd69-ce343b63d8ef",
              "parentUUID": "cdf6ff49-7e26-46d6-9bdb-fd1cfbe74a73",
              "isHook": false,
              "skipped": false
            }
          ],
          "suites": [],
          "passes": [
            "2965d5c2-fd84-4fb4-bd69-ce343b63d8ef"
          ],
          "failures": [],
          "pending": [],
          "skipped": [],
          "duration": 966,
          "root": false,
          "rootEmpty": false,
          "_timeout": 2000
        }
      ],
      "passes": [],
      "failures": [],
      "pending": [],
      "skipped": [],
      "duration": 0,
      "root": true,
      "rootEmpty": true,
      "_timeout": 2000
    },
    {
      "uuid": "69ac9c4c-ce52-49e4-9ba1-f06b74375af9",
      "title": "",
      "fullFile": "cypress/integration/editPlayer.js",
      "file": "cypress/integration/editPlayer.js",
      "beforeHooks": [],
      "afterHooks": [],
      "tests": [],
      "suites": [
        {
          "uuid": "887e002f-cb03-47a9-8b3a-2de38f2786d2",
          "title": "Edit existing player",
          "fullFile": "",
          "file": "",
          "beforeHooks": [],
          "afterHooks": [],
          "tests": [
            {
              "title": "Login",
              "fullTitle": "Edit existing player Login",
              "timedOut": null,
              "duration": 1772,
              "state": "passed",
              "speed": "fast",
              "pass": true,
              "fail": false,
              "pending": false,
              "context": null,
              "code": "cy.visit(\"/\");\ncy.get(\"#login\").click().type(this.exempleData.login);\ncy.get(\"#password\").click().type(this.exempleData.password);\ncy.get(\".MuiButton-label\").eq(0).click();",
              "err": {},
              "uuid": "97632df6-6681-4ee2-ab0e-c61d0caada1a",
              "parentUUID": "887e002f-cb03-47a9-8b3a-2de38f2786d2",
              "isHook": false,
              "skipped": false
            },
            {
              "title": "Edit player",
              "fullTitle": "Edit existing player Edit player",
              "timedOut": null,
              "duration": 7513,
              "state": "passed",
              "speed": "medium",
              "pass": true,
              "fail": false,
              "pending": false,
              "context": null,
              "code": "cy.contains(\"Activity\").get(\"a\").eq(2).click();\ncy.get('input[name=\"name\"]').clear(this.exempleData.name);\ncy.get('input[name=\"name\"]').type(this.exempleData.editName);\ncy.get('input[name=\"surname\"]').clear(this.exempleData.surname);\ncy.get('input[name=\"surname\"]').type(this.exempleData.editSurname);\ncy.get('input[name=\"phone\"]').clear(this.exempleData.phone, {\n  delay: 10\n});\ncy.get('input[name=\"phone\"]').type(this.exempleData.editPhone, {\n  delay: 10\n});\ncy.get('input[name=\"prevClub\"]').clear(this.exempleData.prevClub);\ncy.get('input[name=\"prevClub\"]').type(this.exempleData.editPrevClub);\ncy.get('button[type=\"submit\"]').click();\ncy.get('div[class=\"Toastify__toast Toastify__toast--success\"]').click();\ncy.get(\"span\").contains(\"Main page\").click();\ncy.contains(\"Activity\").get(\"a\").eq(2).click();",
              "err": {},
              "uuid": "b3466b9e-b552-4eb9-aed9-db4b09db68d1",
              "parentUUID": "887e002f-cb03-47a9-8b3a-2de38f2786d2",
              "isHook": false,
              "skipped": false
            },
            {
              "title": "Assertion of edit player",
              "fullTitle": "Edit existing player Assertion of edit player",
              "timedOut": null,
              "duration": 54,
              "state": "passed",
              "speed": "fast",
              "pass": true,
              "fail": false,
              "pending": false,
              "context": null,
              "code": "cy.get('span[class=\"MuiTypography-root MuiListItemText-primary MuiTypography-body1 MuiTypography-displayBlock\"]').should(\"contain\", \"Karol Wieczorek\");",
              "err": {},
              "uuid": "76cb3c78-d42f-47eb-b64d-024b5758d430",
              "parentUUID": "887e002f-cb03-47a9-8b3a-2de38f2786d2",
              "isHook": false,
              "skipped": false
            }
          ],
          "suites": [],
          "passes": [
            "97632df6-6681-4ee2-ab0e-c61d0caada1a",
            "b3466b9e-b552-4eb9-aed9-db4b09db68d1",
            "76cb3c78-d42f-47eb-b64d-024b5758d430"
          ],
          "failures": [],
          "pending": [],
          "skipped": [],
          "duration": 9339,
          "root": false,
          "rootEmpty": false,
          "_timeout": 2000
        }
      ],
      "passes": [],
      "failures": [],
      "pending": [],
      "skipped": [],
      "duration": 0,
      "root": true,
      "rootEmpty": true,
      "_timeout": 2000
    },
    {
      "uuid": "45430980-d71a-47b6-ac14-aa196a4179a8",
      "title": "",
      "fullFile": "cypress/integration/failedLogin.js",
      "file": "cypress/integration/failedLogin.js",
      "beforeHooks": [],
      "afterHooks": [],
      "tests": [],
      "suites": [
        {
          "uuid": "ec64d4c1-9c44-4f16-b331-de0370283451",
          "title": "E2E - Failed Login",
          "fullFile": "",
          "file": "",
          "beforeHooks": [],
          "afterHooks": [],
          "tests": [
            {
              "title": "Failed Login",
              "fullTitle": "E2E - Failed Login Failed Login",
              "timedOut": null,
              "duration": 2681,
              "state": "passed",
              "speed": "fast",
              "pass": true,
              "fail": false,
              "pending": false,
              "context": null,
              "code": "cy.intercept(\"POST\", \"https://api.scouts-test.futbolkolektyw.pl/auth/local\").as(\"requestLogin\");\ncy.visit(\"/\");\ncy.get(\"#login\").click().type(this.exempleData.incorrectLogin);\ncy.get(\"#password\").click().type(this.exempleData.incorrectPassword);\ncy.contains(\"Sign in\").click();\ncy.get('span[class=\"MuiTypography-root MuiTypography-caption MuiTypography-colorError MuiTypography-gutterBottom\"]').then(function (textValidation) {\n  expect(textValidation).to.have.contain(this.exempleData.validationInfo);\n  cy.wait(\"@requestLogin\");\n  cy.get(\"@requestLogin\").then(res => {\n    console.log(res);\n    expect(res.response.statusCode).to.equal(400);\n  });\n});",
              "err": {},
              "uuid": "0914a3c0-45b7-44cf-bfa4-e02abce965f1",
              "parentUUID": "ec64d4c1-9c44-4f16-b331-de0370283451",
              "isHook": false,
              "skipped": false
            }
          ],
          "suites": [],
          "passes": [
            "0914a3c0-45b7-44cf-bfa4-e02abce965f1"
          ],
          "failures": [],
          "pending": [],
          "skipped": [],
          "duration": 2681,
          "root": false,
          "rootEmpty": false,
          "_timeout": 2000
        }
      ],
      "passes": [],
      "failures": [],
      "pending": [],
      "skipped": [],
      "duration": 0,
      "root": true,
      "rootEmpty": true,
      "_timeout": 2000
    },
    {
      "uuid": "4df39ac2-08e0-4f0f-8db1-6779ce132dc2",
      "title": "",
      "fullFile": "cypress/integration/lighthouse.js",
      "file": "cypress/integration/lighthouse.js",
      "beforeHooks": [],
      "afterHooks": [],
      "tests": [],
      "suites": [
        {
          "uuid": "3f68cfe7-9500-4dbd-8dfa-55d16084cb9e",
          "title": "Lighthouse Test",
          "fullFile": "",
          "file": "",
          "beforeHooks": [],
          "afterHooks": [],
          "tests": [
            {
              "title": "Webside test",
              "fullTitle": "Lighthouse Test Webside test",
              "timedOut": null,
              "duration": 728,
              "state": "passed",
              "speed": "fast",
              "pass": true,
              "fail": false,
              "pending": false,
              "context": null,
              "code": "cy.lighthouse({\n  accessibility: 40,\n  \"best-practices\": 50,\n  seo: 50,\n  pwa: 20,\n  performance: 50\n});",
              "err": {},
              "uuid": "e27a8446-85b5-4499-9b2a-dbb742d900bb",
              "parentUUID": "3f68cfe7-9500-4dbd-8dfa-55d16084cb9e",
              "isHook": false,
              "skipped": false
            }
          ],
          "suites": [],
          "passes": [
            "e27a8446-85b5-4499-9b2a-dbb742d900bb"
          ],
          "failures": [],
          "pending": [],
          "skipped": [],
          "duration": 728,
          "root": false,
          "rootEmpty": false,
          "_timeout": 2000
        }
      ],
      "passes": [],
      "failures": [],
      "pending": [],
      "skipped": [],
      "duration": 0,
      "root": true,
      "rootEmpty": true,
      "_timeout": 2000
    }
  ],
  "meta": {
    "mocha": {
      "version": "7.0.1"
    },
    "mochawesome": {
      "options": {
        "quiet": false,
        "reportFilename": "mochawesome",
        "saveHtml": false,
        "saveJson": true,
        "consoleReporter": "spec",
        "useInlineDiffs": false,
        "code": true
      },
      "version": "7.1.3"
    },
    "marge": {
      "options": {
        "id": "default",
        "reportDir": "cypress/results/mochawesome",
        "overwrite": false,
        "html": false,
        "json": true
      },
      "version": "6.2.0"
    }
  }
}