{
  "stats": {
    "suites": 1,
    "tests": 3,
    "passes": 3,
    "pending": 0,
    "failures": 0,
    "start": "2024-01-11T19:24:16.529Z",
    "end": "2024-01-11T19:24:24.898Z",
    "duration": 8369,
    "testsRegistered": 3,
    "passPercent": 100,
    "pendingPercent": 0,
    "other": 0,
    "hasOther": false,
    "skipped": 0,
    "hasSkipped": false
  },
  "results": [
    {
      "uuid": "efca7f78-1afe-4163-8d4a-5eb0cca618fa",
      "title": "",
      "fullFile": "cypress/integration/editPlayer.js",
      "file": "cypress/integration/editPlayer.js",
      "beforeHooks": [],
      "afterHooks": [],
      "tests": [],
      "suites": [
        {
          "uuid": "d750aeeb-9419-490d-aced-c8f3701c46b6",
          "title": "Edit existing player",
          "fullFile": "",
          "file": "",
          "beforeHooks": [],
          "afterHooks": [],
          "tests": [
            {
              "title": "Login",
              "fullTitle": "Edit existing player Login",
              "timedOut": null,
              "duration": 1550,
              "state": "passed",
              "speed": "fast",
              "pass": true,
              "fail": false,
              "pending": false,
              "context": null,
              "code": "cy.visit(\"/\");\ncy.get(\"#login\").click().type(this.exempleData.login);\ncy.get(\"#password\").click().type(this.exempleData.password);\ncy.get(\".MuiButton-label\").eq(0).click();",
              "err": {},
              "uuid": "b97321f9-5d5c-416f-9a9a-503aaf7ef6f4",
              "parentUUID": "d750aeeb-9419-490d-aced-c8f3701c46b6",
              "isHook": false,
              "skipped": false
            },
            {
              "title": "Edit player",
              "fullTitle": "Edit existing player Edit player",
              "timedOut": null,
              "duration": 6689,
              "state": "passed",
              "speed": "medium",
              "pass": true,
              "fail": false,
              "pending": false,
              "context": null,
              "code": "cy.contains(\"Activity\").get(\"a\").eq(2).click();\ncy.get('input[name=\"name\"]').clear(this.exempleData.name);\ncy.get('input[name=\"name\"]').type(this.exempleData.editName);\ncy.get('input[name=\"surname\"]').clear(this.exempleData.surname);\ncy.get('input[name=\"surname\"]').type(this.exempleData.editSurname);\ncy.get('input[name=\"phone\"]').clear(this.exempleData.phone, {\n  delay: 10\n});\ncy.get('input[name=\"phone\"]').type(this.exempleData.editPhone, {\n  delay: 10\n});\ncy.get('input[name=\"prevClub\"]').clear(this.exempleData.prevClub);\ncy.get('input[name=\"prevClub\"]').type(this.exempleData.editPrevClub);\ncy.get('button[type=\"submit\"]').click();\ncy.get('div[class=\"Toastify__toast Toastify__toast--success\"]').click();\ncy.get(\"span\").contains(\"Main page\").click();\ncy.contains(\"Activity\").get(\"a\").eq(2).click();",
              "err": {},
              "uuid": "60389f8c-4a7c-46be-8d8a-3c3071d9d5c9",
              "parentUUID": "d750aeeb-9419-490d-aced-c8f3701c46b6",
              "isHook": false,
              "skipped": false
            },
            {
              "title": "Assertion of edit player",
              "fullTitle": "Edit existing player Assertion of edit player",
              "timedOut": null,
              "duration": 67,
              "state": "passed",
              "speed": "fast",
              "pass": true,
              "fail": false,
              "pending": false,
              "context": null,
              "code": "cy.get('span[class=\"MuiTypography-root MuiListItemText-primary MuiTypography-body1 MuiTypography-displayBlock\"]').should(\"contain\", \"Karol Wieczorek\");",
              "err": {},
              "uuid": "bbc1b26b-1b5c-457d-af9e-3e37e4372bd8",
              "parentUUID": "d750aeeb-9419-490d-aced-c8f3701c46b6",
              "isHook": false,
              "skipped": false
            }
          ],
          "suites": [],
          "passes": [
            "b97321f9-5d5c-416f-9a9a-503aaf7ef6f4",
            "60389f8c-4a7c-46be-8d8a-3c3071d9d5c9",
            "bbc1b26b-1b5c-457d-af9e-3e37e4372bd8"
          ],
          "failures": [],
          "pending": [],
          "skipped": [],
          "duration": 8306,
          "root": false,
          "rootEmpty": false,
          "_timeout": 2000
        }
      ],
      "passes": [],
      "failures": [],
      "pending": [],
      "skipped": [],
      "duration": 0,
      "root": true,
      "rootEmpty": true,
      "_timeout": 2000
    }
  ],
  "meta": {
    "mocha": {
      "version": "7.0.1"
    },
    "mochawesome": {
      "options": {
        "quiet": false,
        "reportFilename": "mochawesome",
        "saveHtml": false,
        "saveJson": true,
        "consoleReporter": "spec",
        "useInlineDiffs": false,
        "code": true
      },
      "version": "7.1.3"
    },
    "marge": {
      "options": {
        "id": "default",
        "reportDir": "cypress/results/mochawasome",
        "overwrite": false,
        "html": false,
        "json": true
      },
      "version": "6.2.0"
    }
  }
}