{
  "stats": {
    "suites": 1,
    "tests": 2,
    "passes": 1,
    "pending": 0,
    "failures": 1,
    "start": "2024-01-14T10:27:33.309Z",
    "end": "2024-01-14T10:27:43.290Z",
    "duration": 9981,
    "testsRegistered": 2,
    "passPercent": 50,
    "pendingPercent": 0,
    "other": 0,
    "hasOther": false,
    "skipped": 0,
    "hasSkipped": false
  },
  "results": [
    {
      "uuid": "a2980079-932f-41bc-8525-37b18c6cf01f",
      "title": "",
      "fullFile": "cypress/integration/addNewPlayer.js",
      "file": "cypress/integration/addNewPlayer.js",
      "beforeHooks": [],
      "afterHooks": [],
      "tests": [],
      "suites": [
        {
          "uuid": "20c7fb87-b776-46b9-a87a-2af5bea33165",
          "title": "Add a new player",
          "fullFile": "",
          "file": "",
          "beforeHooks": [],
          "afterHooks": [],
          "tests": [
            {
              "title": "Login",
              "fullTitle": "Add a new player Login",
              "timedOut": null,
              "duration": 5474,
              "state": "passed",
              "speed": "medium",
              "pass": true,
              "fail": false,
              "pending": false,
              "context": null,
              "code": "cy.visit(\"/\");\ncy.get(\"#login\").click().type(this.exempleData.login);\ncy.get(\"#password\").click().type(this.exempleData.password);\ncy.get(\".MuiButton-label\").eq(0).click();\ncy.contains(\"Add player\").click();",
              "err": {},
              "uuid": "0d800565-b3ac-4d7c-8baf-c8fa38cfb6ab",
              "parentUUID": "20c7fb87-b776-46b9-a87a-2af5bea33165",
              "isHook": false,
              "skipped": false
            },
            {
              "title": "Add player fields",
              "fullTitle": "Add a new player Add player fields",
              "timedOut": null,
              "duration": 4437,
              "state": "failed",
              "speed": null,
              "pass": false,
              "fail": true,
              "pending": false,
              "context": null,
              "code": "cy.get('input[name=\"email\"]').type(this.exempleData.email);\ncy.get('input[name=\"name\"]').type(this.exempleData.name);\ncy.get('input[name=\"surname\"]').type(this.exempleData.surname);\ncy.get('input[name=\"phone\"]').type(this.exempleData.phone, {\n  delay: 10\n});\ncy.get('input[name=\"weight\"]').type(this.exempleData.weight);\ncy.get('input[name=\"height\"]').type(this.exempleData.height);\ncy.get('input[name=\"age\"]').type(this.exempleData.age);\n_selectLeg.default.selectAllOption();\ncy.get('input[name=\"club\"]').type(this.exempleData.club);\ncy.get('input[name=\"level\"]').type(this.exempleData.level);\ncy.get('input[name=\"mainPosition\"]').type(this.exempleData.mainPosition);\ncy.get('input[name=\"secondPosition\"]').type(this.exempleData.secondPosition);\n_selectDistrict.default.selectAllOption();\ncy.get('input[name=\"achievements\"]').type(this.exempleData.achievements);\ncy.get('input[name=\"achievements\"]').type(this.exempleData.achievements);\ncy.contains(\"Add language\").click();\ncy.get('input[name=\"languages[0]\"]').type(this.exempleData.languages);\ncy.get('input[name=\"webLaczy\"]').type(this.exempleData.webLaczy);\ncy.get('input[name=\"web90\"]').type(this.exempleData.web90);\ncy.get('input[name=\"prevClub\"]').type(this.exempleData.prevClub);\ncy.contains(\"Add link to Youtube\").click();\ncy.get('input[name=\"webYT[0]\"]').type(this.exempleData.youtube);\ncy.get('button[type=\"submit\"]').click();",
              "err": {
                "message": "AssertionError: Timed out retrying after 4000ms: Expected to find element: `input[name=\"email\"]`, but never found it.",
                "estack": "AssertionError: Timed out retrying after 4000ms: Expected to find element: `input[name=\"email\"]`, but never found it.\n    at Context.eval (https://dareit.futbolkolektyw.pl/__cypress/tests?p=cypress\\integration\\addNewPlayer.js:139:8)",
                "diff": null
              },
              "uuid": "9de04d56-d6d6-4ea8-9057-1e74ad7fcc2a",
              "parentUUID": "20c7fb87-b776-46b9-a87a-2af5bea33165",
              "isHook": false,
              "skipped": false
            }
          ],
          "suites": [],
          "passes": [
            "0d800565-b3ac-4d7c-8baf-c8fa38cfb6ab"
          ],
          "failures": [
            "9de04d56-d6d6-4ea8-9057-1e74ad7fcc2a"
          ],
          "pending": [],
          "skipped": [],
          "duration": 9911,
          "root": false,
          "rootEmpty": false,
          "_timeout": 2000
        }
      ],
      "passes": [],
      "failures": [],
      "pending": [],
      "skipped": [],
      "duration": 0,
      "root": true,
      "rootEmpty": true,
      "_timeout": 2000
    }
  ],
  "meta": {
    "mocha": {
      "version": "7.0.1"
    },
    "mochawesome": {
      "options": {
        "quiet": false,
        "reportFilename": "mochawesome",
        "saveHtml": false,
        "saveJson": true,
        "consoleReporter": "spec",
        "useInlineDiffs": false,
        "code": true
      },
      "version": "7.1.3"
    },
    "marge": {
      "options": {
        "id": "default",
        "reportDir": "cypress/results/mochawesome",
        "overwrite": false,
        "html": false,
        "json": true
      },
      "version": "6.2.0"
    }
  }
}