{
  "stats": {
    "suites": 1,
    "tests": 3,
    "passes": 3,
    "pending": 0,
    "failures": 0,
    "start": "2024-01-14T10:27:52.359Z",
    "end": "2024-01-14T10:28:01.823Z",
    "duration": 9464,
    "testsRegistered": 3,
    "passPercent": 100,
    "pendingPercent": 0,
    "other": 0,
    "hasOther": false,
    "skipped": 0,
    "hasSkipped": false
  },
  "results": [
    {
      "uuid": "69ac9c4c-ce52-49e4-9ba1-f06b74375af9",
      "title": "",
      "fullFile": "cypress/integration/editPlayer.js",
      "file": "cypress/integration/editPlayer.js",
      "beforeHooks": [],
      "afterHooks": [],
      "tests": [],
      "suites": [
        {
          "uuid": "887e002f-cb03-47a9-8b3a-2de38f2786d2",
          "title": "Edit existing player",
          "fullFile": "",
          "file": "",
          "beforeHooks": [],
          "afterHooks": [],
          "tests": [
            {
              "title": "Login",
              "fullTitle": "Edit existing player Login",
              "timedOut": null,
              "duration": 1772,
              "state": "passed",
              "speed": "fast",
              "pass": true,
              "fail": false,
              "pending": false,
              "context": null,
              "code": "cy.visit(\"/\");\ncy.get(\"#login\").click().type(this.exempleData.login);\ncy.get(\"#password\").click().type(this.exempleData.password);\ncy.get(\".MuiButton-label\").eq(0).click();",
              "err": {},
              "uuid": "97632df6-6681-4ee2-ab0e-c61d0caada1a",
              "parentUUID": "887e002f-cb03-47a9-8b3a-2de38f2786d2",
              "isHook": false,
              "skipped": false
            },
            {
              "title": "Edit player",
              "fullTitle": "Edit existing player Edit player",
              "timedOut": null,
              "duration": 7513,
              "state": "passed",
              "speed": "medium",
              "pass": true,
              "fail": false,
              "pending": false,
              "context": null,
              "code": "cy.contains(\"Activity\").get(\"a\").eq(2).click();\ncy.get('input[name=\"name\"]').clear(this.exempleData.name);\ncy.get('input[name=\"name\"]').type(this.exempleData.editName);\ncy.get('input[name=\"surname\"]').clear(this.exempleData.surname);\ncy.get('input[name=\"surname\"]').type(this.exempleData.editSurname);\ncy.get('input[name=\"phone\"]').clear(this.exempleData.phone, {\n  delay: 10\n});\ncy.get('input[name=\"phone\"]').type(this.exempleData.editPhone, {\n  delay: 10\n});\ncy.get('input[name=\"prevClub\"]').clear(this.exempleData.prevClub);\ncy.get('input[name=\"prevClub\"]').type(this.exempleData.editPrevClub);\ncy.get('button[type=\"submit\"]').click();\ncy.get('div[class=\"Toastify__toast Toastify__toast--success\"]').click();\ncy.get(\"span\").contains(\"Main page\").click();\ncy.contains(\"Activity\").get(\"a\").eq(2).click();",
              "err": {},
              "uuid": "b3466b9e-b552-4eb9-aed9-db4b09db68d1",
              "parentUUID": "887e002f-cb03-47a9-8b3a-2de38f2786d2",
              "isHook": false,
              "skipped": false
            },
            {
              "title": "Assertion of edit player",
              "fullTitle": "Edit existing player Assertion of edit player",
              "timedOut": null,
              "duration": 54,
              "state": "passed",
              "speed": "fast",
              "pass": true,
              "fail": false,
              "pending": false,
              "context": null,
              "code": "cy.get('span[class=\"MuiTypography-root MuiListItemText-primary MuiTypography-body1 MuiTypography-displayBlock\"]').should(\"contain\", \"Karol Wieczorek\");",
              "err": {},
              "uuid": "76cb3c78-d42f-47eb-b64d-024b5758d430",
              "parentUUID": "887e002f-cb03-47a9-8b3a-2de38f2786d2",
              "isHook": false,
              "skipped": false
            }
          ],
          "suites": [],
          "passes": [
            "97632df6-6681-4ee2-ab0e-c61d0caada1a",
            "b3466b9e-b552-4eb9-aed9-db4b09db68d1",
            "76cb3c78-d42f-47eb-b64d-024b5758d430"
          ],
          "failures": [],
          "pending": [],
          "skipped": [],
          "duration": 9339,
          "root": false,
          "rootEmpty": false,
          "_timeout": 2000
        }
      ],
      "passes": [],
      "failures": [],
      "pending": [],
      "skipped": [],
      "duration": 0,
      "root": true,
      "rootEmpty": true,
      "_timeout": 2000
    }
  ],
  "meta": {
    "mocha": {
      "version": "7.0.1"
    },
    "mochawesome": {
      "options": {
        "quiet": false,
        "reportFilename": "mochawesome",
        "saveHtml": false,
        "saveJson": true,
        "consoleReporter": "spec",
        "useInlineDiffs": false,
        "code": true
      },
      "version": "7.1.3"
    },
    "marge": {
      "options": {
        "id": "default",
        "reportDir": "cypress/results/mochawesome",
        "overwrite": false,
        "html": false,
        "json": true
      },
      "version": "6.2.0"
    }
  }
}