{
  "stats": {
    "suites": 1,
    "tests": 1,
    "passes": 1,
    "pending": 0,
    "failures": 0,
    "start": "2024-01-14T10:27:47.849Z",
    "end": "2024-01-14T10:27:48.877Z",
    "duration": 1028,
    "testsRegistered": 1,
    "passPercent": 100,
    "pendingPercent": 0,
    "other": 0,
    "hasOther": false,
    "skipped": 0,
    "hasSkipped": false
  },
  "results": [
    {
      "uuid": "790aa2eb-7863-45ef-b29e-d598c1c10e22",
      "title": "",
      "fullFile": "cypress/integration/designCheck.js",
      "file": "cypress/integration/designCheck.js",
      "beforeHooks": [],
      "afterHooks": [],
      "tests": [],
      "suites": [
        {
          "uuid": "cdf6ff49-7e26-46d6-9bdb-fd1cfbe74a73",
          "title": "Design check",
          "fullFile": "",
          "file": "",
          "beforeHooks": [],
          "afterHooks": [],
          "tests": [
            {
              "title": "Colour check",
              "fullTitle": "Design check Colour check",
              "timedOut": null,
              "duration": 966,
              "state": "passed",
              "speed": "fast",
              "pass": true,
              "fail": false,
              "pending": false,
              "context": null,
              "code": "cy.visit(\"/\"); //Sign in button\ncy.get('button[class=\"MuiButtonBase-root MuiButton-root MuiButton-contained jss5 MuiButton-containedPrimary\"]').should(\"have.css\", \"background-color\", \"rgb(63, 81, 181)\");\ncy.get('button[class=\"MuiButtonBase-root MuiButton-root MuiButton-contained jss5 MuiButton-containedPrimary\"]').then(kolor => {\n  expect(kolor).to.have.css(\"background-color\", \"rgb(63, 81, 181)\");\n}); //Remaind password\ncy.get('a[class=\"MuiTypography-root MuiLink-root MuiLink-underlineHover jss4 MuiTypography-colorPrimary\"]').should(\"have.css\", \"color\", \"rgb(63, 81, 181)\");\ncy.get('a[class=\"MuiTypography-root MuiLink-root MuiLink-underlineHover jss4 MuiTypography-colorPrimary\"]').then(kolor => {\n  expect(kolor).to.have.css(\"color\", \"rgb(63, 81, 181)\");\n});\ncy.get('a[class=\"MuiTypography-root MuiLink-root MuiLink-underlineHover jss4 MuiTypography-colorPrimary\"]').should(\"have.css\", \"font-size\", \"14px\");\ncy.get('a[class=\"MuiTypography-root MuiLink-root MuiLink-underlineHover jss4 MuiTypography-colorPrimary\"]').then(kolor => {\n  expect(kolor).to.have.css(\"font-size\", \"14px\");\n}); //Title\ncy.get(\"h5\").should(\"have.css\", \"font-size\", \"24px\");\ncy.get(\"h5\").then(kolor => {\n  expect(kolor).to.have.css(\"font-size\", \"24px\");\n});\ncy.get(\"h5\").should(\"have.css\", \"color\", \"rgba(0, 0, 0, 0.87)\");\ncy.get(\"h5\").then(kolor => {\n  expect(kolor).to.have.css(\"color\", \"rgba(0, 0, 0, 0.87)\");\n});",
              "err": {},
              "uuid": "2965d5c2-fd84-4fb4-bd69-ce343b63d8ef",
              "parentUUID": "cdf6ff49-7e26-46d6-9bdb-fd1cfbe74a73",
              "isHook": false,
              "skipped": false
            }
          ],
          "suites": [],
          "passes": [
            "2965d5c2-fd84-4fb4-bd69-ce343b63d8ef"
          ],
          "failures": [],
          "pending": [],
          "skipped": [],
          "duration": 966,
          "root": false,
          "rootEmpty": false,
          "_timeout": 2000
        }
      ],
      "passes": [],
      "failures": [],
      "pending": [],
      "skipped": [],
      "duration": 0,
      "root": true,
      "rootEmpty": true,
      "_timeout": 2000
    }
  ],
  "meta": {
    "mocha": {
      "version": "7.0.1"
    },
    "mochawesome": {
      "options": {
        "quiet": false,
        "reportFilename": "mochawesome",
        "saveHtml": false,
        "saveJson": true,
        "consoleReporter": "spec",
        "useInlineDiffs": false,
        "code": true
      },
      "version": "7.1.3"
    },
    "marge": {
      "options": {
        "id": "default",
        "reportDir": "cypress/results/mochawesome",
        "overwrite": false,
        "html": false,
        "json": true
      },
      "version": "6.2.0"
    }
  }
}