{
  "stats": {
    "suites": 1,
    "tests": 1,
    "passes": 1,
    "pending": 0,
    "failures": 0,
    "start": "2024-01-14T10:28:11.605Z",
    "end": "2024-01-14T10:28:12.413Z",
    "duration": 808,
    "testsRegistered": 1,
    "passPercent": 100,
    "pendingPercent": 0,
    "other": 0,
    "hasOther": false,
    "skipped": 0,
    "hasSkipped": false
  },
  "results": [
    {
      "uuid": "4df39ac2-08e0-4f0f-8db1-6779ce132dc2",
      "title": "",
      "fullFile": "cypress/integration/lighthouse.js",
      "file": "cypress/integration/lighthouse.js",
      "beforeHooks": [],
      "afterHooks": [],
      "tests": [],
      "suites": [
        {
          "uuid": "3f68cfe7-9500-4dbd-8dfa-55d16084cb9e",
          "title": "Lighthouse Test",
          "fullFile": "",
          "file": "",
          "beforeHooks": [],
          "afterHooks": [],
          "tests": [
            {
              "title": "Webside test",
              "fullTitle": "Lighthouse Test Webside test",
              "timedOut": null,
              "duration": 728,
              "state": "passed",
              "speed": "fast",
              "pass": true,
              "fail": false,
              "pending": false,
              "context": null,
              "code": "cy.lighthouse({\n  accessibility: 40,\n  \"best-practices\": 50,\n  seo: 50,\n  pwa: 20,\n  performance: 50\n});",
              "err": {},
              "uuid": "e27a8446-85b5-4499-9b2a-dbb742d900bb",
              "parentUUID": "3f68cfe7-9500-4dbd-8dfa-55d16084cb9e",
              "isHook": false,
              "skipped": false
            }
          ],
          "suites": [],
          "passes": [
            "e27a8446-85b5-4499-9b2a-dbb742d900bb"
          ],
          "failures": [],
          "pending": [],
          "skipped": [],
          "duration": 728,
          "root": false,
          "rootEmpty": false,
          "_timeout": 2000
        }
      ],
      "passes": [],
      "failures": [],
      "pending": [],
      "skipped": [],
      "duration": 0,
      "root": true,
      "rootEmpty": true,
      "_timeout": 2000
    }
  ],
  "meta": {
    "mocha": {
      "version": "7.0.1"
    },
    "mochawesome": {
      "options": {
        "quiet": false,
        "reportFilename": "mochawesome",
        "saveHtml": false,
        "saveJson": true,
        "consoleReporter": "spec",
        "useInlineDiffs": false,
        "code": true
      },
      "version": "7.1.3"
    },
    "marge": {
      "options": {
        "id": "default",
        "reportDir": "cypress/results/mochawesome",
        "overwrite": false,
        "html": false,
        "json": true
      },
      "version": "6.2.0"
    }
  }
}