{
  "stats": {
    "suites": 1,
    "tests": 1,
    "passes": 1,
    "pending": 0,
    "failures": 0,
    "start": "2023-12-26T17:04:34.578Z",
    "end": "2023-12-26T17:04:36.374Z",
    "duration": 1796,
    "testsRegistered": 1,
    "passPercent": 100,
    "pendingPercent": 0,
    "other": 0,
    "hasOther": false,
    "skipped": 0,
    "hasSkipped": false
  },
  "results": [
    {
      "uuid": "310af9af-43ee-4415-91c5-96a0c52180b0",
      "title": "",
      "fullFile": "cypress/integration/klik.js",
      "file": "cypress/integration/klik.js",
      "beforeHooks": [],
      "afterHooks": [],
      "tests": [],
      "suites": [
        {
          "uuid": "784a996f-f621-4c6a-b4f3-2ad8a7ad6c29",
          "title": "E2E - Akcja kliknięcia",
          "fullFile": "",
          "file": "",
          "beforeHooks": [],
          "afterHooks": [],
          "tests": [
            {
              "title": "Kliknięcie na element",
              "fullTitle": "E2E - Akcja kliknięcia Kliknięcie na element",
              "timedOut": null,
              "duration": 1755,
              "state": "passed",
              "speed": "fast",
              "pass": true,
              "fail": false,
              "pending": false,
              "context": null,
              "code": "cy.visit(\"/\");\ncy.contains('[class=\"MuiTypography-root MuiLink-root MuiLink-underlineHover jss4 MuiTypography-colorPrimary\"]', 'Przypomnij hasło').click();\ncy.contains('Wróć do zaloguj').click();",
              "err": {},
              "uuid": "c0a7791a-bd68-4b20-8ee7-91e7e3e6ea23",
              "parentUUID": "784a996f-f621-4c6a-b4f3-2ad8a7ad6c29",
              "isHook": false,
              "skipped": false
            }
          ],
          "suites": [],
          "passes": [
            "c0a7791a-bd68-4b20-8ee7-91e7e3e6ea23"
          ],
          "failures": [],
          "pending": [],
          "skipped": [],
          "duration": 1755,
          "root": false,
          "rootEmpty": false,
          "_timeout": 2000
        }
      ],
      "passes": [],
      "failures": [],
      "pending": [],
      "skipped": [],
      "duration": 0,
      "root": true,
      "rootEmpty": true,
      "_timeout": 2000
    }
  ],
  "meta": {
    "mocha": {
      "version": "7.0.1"
    },
    "mochawesome": {
      "options": {
        "quiet": false,
        "reportFilename": "mochawesome",
        "saveHtml": false,
        "saveJson": true,
        "consoleReporter": "spec",
        "useInlineDiffs": false,
        "code": true
      },
      "version": "7.1.3"
    },
    "marge": {
      "options": {
        "id": "default",
        "reportDir": "cypress/results/mochawasomenpm",
        "overwrite": false,
        "html": false,
        "json": true
      },
      "version": "6.2.0"
    }
  }
}