{
  "stats": {
    "suites": 1,
    "tests": 1,
    "passes": 1,
    "pending": 0,
    "failures": 0,
    "start": "2024-01-11T08:20:01.659Z",
    "end": "2024-01-11T08:20:08.410Z",
    "duration": 6751,
    "testsRegistered": 1,
    "passPercent": 100,
    "pendingPercent": 0,
    "other": 0,
    "hasOther": false,
    "skipped": 0,
    "hasSkipped": false
  },
  "results": [
    {
      "uuid": "f97834ad-5cc9-4290-8f17-40307d7fbb16",
      "title": "",
      "fullFile": "cypress/integration/lighthouse.js",
      "file": "cypress/integration/lighthouse.js",
      "beforeHooks": [],
      "afterHooks": [],
      "tests": [],
      "suites": [
        {
          "uuid": "4317ddb1-3b6d-46b4-ae13-e33ec4b121fc",
          "title": "Lighthouse Test",
          "fullFile": "",
          "file": "",
          "beforeHooks": [],
          "afterHooks": [],
          "tests": [
            {
              "title": "Webside test",
              "fullTitle": "Lighthouse Test Webside test",
              "timedOut": null,
              "duration": 6684,
              "state": "passed",
              "speed": "medium",
              "pass": true,
              "fail": false,
              "pending": false,
              "context": null,
              "code": "cy.lighthouse({\n  accessibility: 40,\n  \"best-practices\": 50,\n  seo: 50,\n  pwa: 20,\n  performance: 50\n});",
              "err": {},
              "uuid": "29c07b55-c68e-4565-9516-600564262132",
              "parentUUID": "4317ddb1-3b6d-46b4-ae13-e33ec4b121fc",
              "isHook": false,
              "skipped": false
            }
          ],
          "suites": [],
          "passes": [
            "29c07b55-c68e-4565-9516-600564262132"
          ],
          "failures": [],
          "pending": [],
          "skipped": [],
          "duration": 6684,
          "root": false,
          "rootEmpty": false,
          "_timeout": 2000
        }
      ],
      "passes": [],
      "failures": [],
      "pending": [],
      "skipped": [],
      "duration": 0,
      "root": true,
      "rootEmpty": true,
      "_timeout": 2000
    }
  ],
  "meta": {
    "mocha": {
      "version": "7.0.1"
    },
    "mochawesome": {
      "options": {
        "quiet": false,
        "reportFilename": "mochawesome",
        "saveHtml": false,
        "saveJson": true,
        "consoleReporter": "spec",
        "useInlineDiffs": false,
        "code": true
      },
      "version": "7.1.3"
    },
    "marge": {
      "options": {
        "id": "default",
        "reportDir": "cypress/results/mochawasomenpm",
        "overwrite": false,
        "html": false,
        "json": true
      },
      "version": "6.2.0"
    }
  }
}