{
  "stats": {
    "suites": 1,
    "tests": 3,
    "passes": 3,
    "pending": 0,
    "failures": 0,
    "start": "2024-01-11T08:19:42.442Z",
    "end": "2024-01-11T08:19:52.233Z",
    "duration": 9791,
    "testsRegistered": 3,
    "passPercent": 100,
    "pendingPercent": 0,
    "other": 0,
    "hasOther": false,
    "skipped": 0,
    "hasSkipped": false
  },
  "results": [
    {
      "uuid": "20e1ea73-52bc-4076-b0aa-0bf748e76ddf",
      "title": "",
      "fullFile": "cypress/integration/editPlayer.js",
      "file": "cypress/integration/editPlayer.js",
      "beforeHooks": [],
      "afterHooks": [],
      "tests": [],
      "suites": [
        {
          "uuid": "73dff952-b100-4591-8315-c2360b24306d",
          "title": "Edit existing player",
          "fullFile": "",
          "file": "",
          "beforeHooks": [],
          "afterHooks": [],
          "tests": [
            {
              "title": "Login",
              "fullTitle": "Edit existing player Login",
              "timedOut": null,
              "duration": 1921,
              "state": "passed",
              "speed": "fast",
              "pass": true,
              "fail": false,
              "pending": false,
              "context": null,
              "code": "cy.visit(\"/\");\ncy.get(\"#login\").click().type(this.exempleData.login);\ncy.get(\"#password\").click().type(this.exempleData.password);\ncy.get(\".MuiButton-label\").eq(0).click();",
              "err": {},
              "uuid": "c7cf408b-9b11-44e5-956e-c32cfc7ba461",
              "parentUUID": "73dff952-b100-4591-8315-c2360b24306d",
              "isHook": false,
              "skipped": false
            },
            {
              "title": "Edit player",
              "fullTitle": "Edit existing player Edit player",
              "timedOut": null,
              "duration": 7655,
              "state": "passed",
              "speed": "medium",
              "pass": true,
              "fail": false,
              "pending": false,
              "context": null,
              "code": "cy.contains(\"Activity\").get(\"a\").eq(2).click();\ncy.get('input[name=\"name\"]').clear(this.exempleData.name);\ncy.get('input[name=\"name\"]').type(this.exempleData.editName);\ncy.get('input[name=\"surname\"]').clear(this.exempleData.surname);\ncy.get('input[name=\"surname\"]').type(this.exempleData.editSurname);\ncy.get('input[name=\"phone\"]').clear(this.exempleData.phone, {\n  delay: 10\n});\ncy.get('input[name=\"phone\"]').type(this.exempleData.editPhone, {\n  delay: 10\n});\ncy.get('input[name=\"prevClub\"]').clear(this.exempleData.prevClub);\ncy.get('input[name=\"prevClub\"]').type(this.exempleData.editPrevClub);\ncy.get('button[type=\"submit\"]').click();\ncy.get('div[class=\"Toastify__toast Toastify__toast--success\"]').click();\ncy.get(\"span\").contains(\"Main page\").click();\ncy.contains(\"Activity\").get(\"a\").eq(2).click();",
              "err": {},
              "uuid": "6f6b156e-be0b-4189-90c1-9fccd8bb3a1e",
              "parentUUID": "73dff952-b100-4591-8315-c2360b24306d",
              "isHook": false,
              "skipped": false
            },
            {
              "title": "Assertion of edit player",
              "fullTitle": "Edit existing player Assertion of edit player",
              "timedOut": null,
              "duration": 58,
              "state": "passed",
              "speed": "fast",
              "pass": true,
              "fail": false,
              "pending": false,
              "context": null,
              "code": "cy.get('span[class=\"MuiTypography-root MuiListItemText-primary MuiTypography-body1 MuiTypography-displayBlock\"]').should(\"contain\", \"Karol Wieczorek\");",
              "err": {},
              "uuid": "7ede8209-f4f0-46c5-96ee-b3adfff5ba57",
              "parentUUID": "73dff952-b100-4591-8315-c2360b24306d",
              "isHook": false,
              "skipped": false
            }
          ],
          "suites": [],
          "passes": [
            "c7cf408b-9b11-44e5-956e-c32cfc7ba461",
            "6f6b156e-be0b-4189-90c1-9fccd8bb3a1e",
            "7ede8209-f4f0-46c5-96ee-b3adfff5ba57"
          ],
          "failures": [],
          "pending": [],
          "skipped": [],
          "duration": 9634,
          "root": false,
          "rootEmpty": false,
          "_timeout": 2000
        }
      ],
      "passes": [],
      "failures": [],
      "pending": [],
      "skipped": [],
      "duration": 0,
      "root": true,
      "rootEmpty": true,
      "_timeout": 2000
    }
  ],
  "meta": {
    "mocha": {
      "version": "7.0.1"
    },
    "mochawesome": {
      "options": {
        "quiet": false,
        "reportFilename": "mochawesome",
        "saveHtml": false,
        "saveJson": true,
        "consoleReporter": "spec",
        "useInlineDiffs": false,
        "code": true
      },
      "version": "7.1.3"
    },
    "marge": {
      "options": {
        "id": "default",
        "reportDir": "cypress/results/mochawasomenpm",
        "overwrite": false,
        "html": false,
        "json": true
      },
      "version": "6.2.0"
    }
  }
}