{
  "stats": {
    "suites": 1,
    "tests": 2,
    "passes": 1,
    "pending": 0,
    "failures": 1,
    "start": "2023-12-26T18:13:34.858Z",
    "end": "2023-12-26T18:14:15.905Z",
    "duration": 41047,
    "testsRegistered": 2,
    "passPercent": 50,
    "pendingPercent": 0,
    "other": 0,
    "hasOther": false,
    "skipped": 0,
    "hasSkipped": false
  },
  "results": [
    {
      "uuid": "a24b050f-5e3d-4c4c-b95a-ec0464d7ec76",
      "title": "",
      "fullFile": "cypress/integration/triger.js",
      "file": "cypress/integration/triger.js",
      "beforeHooks": [],
      "afterHooks": [],
      "tests": [],
      "suites": [
        {
          "uuid": "17e584db-2137-4619-af5d-41e6b56f5443",
          "title": "E2E - scrolowanie/najechanie",
          "fullFile": "",
          "file": "",
          "beforeHooks": [],
          "afterHooks": [],
          "tests": [
            {
              "title": "Najechanie na dany element",
              "fullTitle": "E2E - scrolowanie/najechanie Najechanie na dany element",
              "timedOut": null,
              "duration": 35376,
              "state": "failed",
              "speed": null,
              "pass": false,
              "fail": true,
              "pending": false,
              "context": null,
              "code": "cy.visit(\"https://dor-cosmetics.pl/\");\ncy.get(\"#wcmaa-popup-1940\").trigger().click();\ncy.on(\"window:confirm\", tresc => {\n  expect(tresc).to.equal(\"Zgadzam się, wchodzę\");\n  cy.on(\"window:confirm\", () => true);\n}); // cy.get('li[id=\"menu-item-66\"]')\n// cy.get('li.menu-item menu-item-type-taxonomy menu-item-object-product_cat, span')",
              "err": {
                "message": "CypressError: `cy.screenshot()` timed out waiting `30000ms` to complete.",
                "estack": "CypressError: `cy.screenshot()` timed out waiting `30000ms` to complete.\n    at https://dor-cosmetics.pl/__cypress/runner/cypress_runner.js:160778:81\n    at tryCatcher (https://dor-cosmetics.pl/__cypress/runner/cypress_runner.js:13022:23)\n    at https://dor-cosmetics.pl/__cypress/runner/cypress_runner.js:8144:41\n    at tryCatcher (https://dor-cosmetics.pl/__cypress/runner/cypress_runner.js:13022:23)\n    at Promise._settlePromiseFromHandler (https://dor-cosmetics.pl/__cypress/runner/cypress_runner.js:10957:31)\n    at Promise._settlePromise (https://dor-cosmetics.pl/__cypress/runner/cypress_runner.js:11014:18)\n    at Promise._settlePromise0 (https://dor-cosmetics.pl/__cypress/runner/cypress_runner.js:11059:10)\n    at Promise._settlePromises (https://dor-cosmetics.pl/__cypress/runner/cypress_runner.js:11135:18)\n    at _drainQueueStep (https://dor-cosmetics.pl/__cypress/runner/cypress_runner.js:7729:12)\n    at _drainQueue (https://dor-cosmetics.pl/__cypress/runner/cypress_runner.js:7722:9)\n    at Async.../../node_modules/bluebird/js/release/async.js.Async._drainQueues (https://dor-cosmetics.pl/__cypress/runner/cypress_runner.js:7738:5)\n    at Async.drainQueues (https://dor-cosmetics.pl/__cypress/runner/cypress_runner.js:7608:14)",
                "diff": null
              },
              "uuid": "4212779b-63c7-41a5-a423-52140ef38bde",
              "parentUUID": "17e584db-2137-4619-af5d-41e6b56f5443",
              "isHook": false,
              "skipped": false
            },
            {
              "title": "Scrollowanie - do boxa",
              "fullTitle": "E2E - scrolowanie/najechanie Scrollowanie - do boxa",
              "timedOut": null,
              "duration": 240,
              "state": "passed",
              "speed": "fast",
              "pass": true,
              "fail": false,
              "pending": false,
              "context": null,
              "code": "cy.get('img[src=\"https://dor-cosmetics.pl/wp-content/uploads/2019/02/stay-gold-1380x380.jpg\"]').scrollIntoView();",
              "err": {},
              "uuid": "26f47c7d-94bd-48dc-863d-86bd9e6bd680",
              "parentUUID": "17e584db-2137-4619-af5d-41e6b56f5443",
              "isHook": false,
              "skipped": false
            }
          ],
          "suites": [],
          "passes": [
            "26f47c7d-94bd-48dc-863d-86bd9e6bd680"
          ],
          "failures": [
            "4212779b-63c7-41a5-a423-52140ef38bde"
          ],
          "pending": [],
          "skipped": [],
          "duration": 35616,
          "root": false,
          "rootEmpty": false,
          "_timeout": 2000
        }
      ],
      "passes": [],
      "failures": [],
      "pending": [],
      "skipped": [],
      "duration": 0,
      "root": true,
      "rootEmpty": true,
      "_timeout": 2000
    }
  ],
  "meta": {
    "mocha": {
      "version": "7.0.1"
    },
    "mochawesome": {
      "options": {
        "quiet": false,
        "reportFilename": "mochawesome",
        "saveHtml": false,
        "saveJson": true,
        "consoleReporter": "spec",
        "useInlineDiffs": false,
        "code": true
      },
      "version": "7.1.3"
    },
    "marge": {
      "options": {
        "id": "default",
        "reportDir": "cypress/results/mochawasomenpm",
        "overwrite": false,
        "html": false,
        "json": true
      },
      "version": "6.2.0"
    }
  }
}