{
  "stats": {
    "suites": 1,
    "tests": 1,
    "passes": 1,
    "pending": 0,
    "failures": 0,
    "start": "2023-12-26T18:12:44.902Z",
    "end": "2023-12-26T18:12:50.460Z",
    "duration": 5558,
    "testsRegistered": 1,
    "passPercent": 100,
    "pendingPercent": 0,
    "other": 0,
    "hasOther": false,
    "skipped": 0,
    "hasSkipped": false
  },
  "results": [
    {
      "uuid": "7b3e995d-cb6c-4c94-99e6-6547e9ea2dbf",
      "title": "",
      "fullFile": "cypress/integration/customCommands.js",
      "file": "cypress/integration/customCommands.js",
      "beforeHooks": [],
      "afterHooks": [],
      "tests": [],
      "suites": [
        {
          "uuid": "ce068703-4886-423f-83ca-9c4ecba9f715",
          "title": "E2E - Custom Commands",
          "fullFile": "",
          "file": "",
          "beforeHooks": [],
          "afterHooks": [],
          "tests": [
            {
              "title": "Przykład zastosowania komendy",
              "fullTitle": "E2E - Custom Commands Przykład zastosowania komendy",
              "timedOut": null,
              "duration": 5521,
              "state": "passed",
              "speed": "medium",
              "pass": true,
              "fail": false,
              "pending": false,
              "context": null,
              "code": "cy.openPlayersTab();",
              "err": {},
              "uuid": "3c08958e-fb66-4664-a8a9-b6541f5d2a37",
              "parentUUID": "ce068703-4886-423f-83ca-9c4ecba9f715",
              "isHook": false,
              "skipped": false
            }
          ],
          "suites": [],
          "passes": [
            "3c08958e-fb66-4664-a8a9-b6541f5d2a37"
          ],
          "failures": [],
          "pending": [],
          "skipped": [],
          "duration": 5521,
          "root": false,
          "rootEmpty": false,
          "_timeout": 2000
        }
      ],
      "passes": [],
      "failures": [],
      "pending": [],
      "skipped": [],
      "duration": 0,
      "root": true,
      "rootEmpty": true,
      "_timeout": 2000
    }
  ],
  "meta": {
    "mocha": {
      "version": "7.0.1"
    },
    "mochawesome": {
      "options": {
        "quiet": false,
        "reportFilename": "mochawesome",
        "saveHtml": false,
        "saveJson": true,
        "consoleReporter": "spec",
        "useInlineDiffs": false,
        "code": true
      },
      "version": "7.1.3"
    },
    "marge": {
      "options": {
        "id": "default",
        "reportDir": "cypress/results/mochawasomenpm",
        "overwrite": false,
        "html": false,
        "json": true
      },
      "version": "6.2.0"
    }
  }
}