{
  "stats": {
    "suites": 1,
    "tests": 1,
    "passes": 1,
    "pending": 0,
    "failures": 0,
    "start": "2023-12-26T18:13:25.724Z",
    "end": "2023-12-26T18:13:31.763Z",
    "duration": 6039,
    "testsRegistered": 1,
    "passPercent": 100,
    "pendingPercent": 0,
    "other": 0,
    "hasOther": false,
    "skipped": 0,
    "hasSkipped": false
  },
  "results": [
    {
      "uuid": "41ce1509-60e0-43ee-9c5c-030c919c5db0",
      "title": "",
      "fullFile": "cypress/integration/select.js",
      "file": "cypress/integration/select.js",
      "beforeHooks": [],
      "afterHooks": [],
      "tests": [],
      "suites": [
        {
          "uuid": "820334d7-7890-4f35-ad15-fe9709bcf189",
          "title": "E2E - Akcja wybierania opcji",
          "fullFile": "",
          "file": "",
          "beforeHooks": [],
          "afterHooks": [],
          "tests": [
            {
              "title": "Kliknięcie na element",
              "fullTitle": "E2E - Akcja wybierania opcji Kliknięcie na element",
              "timedOut": null,
              "duration": 5979,
              "state": "passed",
              "speed": "medium",
              "pass": true,
              "fail": false,
              "pending": false,
              "context": null,
              "code": "cy.visit(\"https://dareit.futbolkolektyw.pl/pl/login?redirected=true\");\ncy.get(\"#login\").type(\"user01@getnada.com\", {\n  delay: 10\n});\ncy.get(\"#password\").type(\"Test-1234\", {\n  delay: 10\n});\ncy.get(\".MuiButton-label\").eq(0).click();\ncy.contains(\"Dodaj gracza\").click();\ncy.get(\"#mui-component-select-district\").click();\ncy.get('li[role=\"option\"]').eq(0).click();",
              "err": {},
              "uuid": "de805525-7e41-4182-9df6-f56208a1050b",
              "parentUUID": "820334d7-7890-4f35-ad15-fe9709bcf189",
              "isHook": false,
              "skipped": false
            }
          ],
          "suites": [],
          "passes": [
            "de805525-7e41-4182-9df6-f56208a1050b"
          ],
          "failures": [],
          "pending": [],
          "skipped": [],
          "duration": 5979,
          "root": false,
          "rootEmpty": false,
          "_timeout": 2000
        }
      ],
      "passes": [],
      "failures": [],
      "pending": [],
      "skipped": [],
      "duration": 0,
      "root": true,
      "rootEmpty": true,
      "_timeout": 2000
    }
  ],
  "meta": {
    "mocha": {
      "version": "7.0.1"
    },
    "mochawesome": {
      "options": {
        "quiet": false,
        "reportFilename": "mochawesome",
        "saveHtml": false,
        "saveJson": true,
        "consoleReporter": "spec",
        "useInlineDiffs": false,
        "code": true
      },
      "version": "7.1.3"
    },
    "marge": {
      "options": {
        "id": "default",
        "reportDir": "cypress/results/mochawasomenpm",
        "overwrite": false,
        "html": false,
        "json": true
      },
      "version": "6.2.0"
    }
  }
}