{
  "stats": {
    "suites": 1,
    "tests": 1,
    "passes": 1,
    "pending": 0,
    "failures": 0,
    "start": "2024-01-11T08:19:55.537Z",
    "end": "2024-01-11T08:19:58.169Z",
    "duration": 2632,
    "testsRegistered": 1,
    "passPercent": 100,
    "pendingPercent": 0,
    "other": 0,
    "hasOther": false,
    "skipped": 0,
    "hasSkipped": false
  },
  "results": [
    {
      "uuid": "7df8d9ee-bf21-495d-aeed-93ba55c6306b",
      "title": "",
      "fullFile": "cypress/integration/failedLogin.js",
      "file": "cypress/integration/failedLogin.js",
      "beforeHooks": [],
      "afterHooks": [],
      "tests": [],
      "suites": [
        {
          "uuid": "3adac8b2-2e34-4a06-aa42-95e79c5e8898",
          "title": "E2E - Failed Login",
          "fullFile": "",
          "file": "",
          "beforeHooks": [],
          "afterHooks": [],
          "tests": [
            {
              "title": "Failed Login",
              "fullTitle": "E2E - Failed Login Failed Login",
              "timedOut": null,
              "duration": 2590,
              "state": "passed",
              "speed": "fast",
              "pass": true,
              "fail": false,
              "pending": false,
              "context": null,
              "code": "cy.intercept(\"POST\", \"https://api.scouts-test.futbolkolektyw.pl/auth/local\").as(\"requestLogin\");\ncy.visit(\"/\");\ncy.get(\"#login\").click().type(this.exempleData.incorrectLogin);\ncy.get(\"#password\").click().type(this.exempleData.incorrectPassword);\ncy.contains(\"Sign in\").click();\ncy.get('span[class=\"MuiTypography-root MuiTypography-caption MuiTypography-colorError MuiTypography-gutterBottom\"]').then(function (textValidation) {\n  expect(textValidation).to.have.contain(this.exempleData.validationInfo);\n  cy.wait(\"@requestLogin\");\n  cy.get(\"@requestLogin\").then(res => {\n    console.log(res);\n    expect(res.response.statusCode).to.equal(400);\n  });\n});",
              "err": {},
              "uuid": "286fb4c6-b3c7-4a6b-8a63-7866e4fd5c20",
              "parentUUID": "3adac8b2-2e34-4a06-aa42-95e79c5e8898",
              "isHook": false,
              "skipped": false
            }
          ],
          "suites": [],
          "passes": [
            "286fb4c6-b3c7-4a6b-8a63-7866e4fd5c20"
          ],
          "failures": [],
          "pending": [],
          "skipped": [],
          "duration": 2590,
          "root": false,
          "rootEmpty": false,
          "_timeout": 2000
        }
      ],
      "passes": [],
      "failures": [],
      "pending": [],
      "skipped": [],
      "duration": 0,
      "root": true,
      "rootEmpty": true,
      "_timeout": 2000
    }
  ],
  "meta": {
    "mocha": {
      "version": "7.0.1"
    },
    "mochawesome": {
      "options": {
        "quiet": false,
        "reportFilename": "mochawesome",
        "saveHtml": false,
        "saveJson": true,
        "consoleReporter": "spec",
        "useInlineDiffs": false,
        "code": true
      },
      "version": "7.1.3"
    },
    "marge": {
      "options": {
        "id": "default",
        "reportDir": "cypress/results/mochawasomenpm",
        "overwrite": false,
        "html": false,
        "json": true
      },
      "version": "6.2.0"
    }
  }
}