{
  "stats": {
    "suites": 1,
    "tests": 1,
    "passes": 0,
    "pending": 0,
    "failures": 1,
    "start": "2023-12-26T18:14:20.475Z",
    "end": "2023-12-26T18:14:28.737Z",
    "duration": 8262,
    "testsRegistered": 1,
    "passPercent": 0,
    "pendingPercent": 0,
    "other": 0,
    "hasOther": false,
    "skipped": 0,
    "hasSkipped": false
  },
  "results": [
    {
      "uuid": "74f9c821-c881-4e39-8b0d-5a2ac47c2faa",
      "title": "",
      "fullFile": "cypress/integration/wgrywaniepliku.js",
      "file": "cypress/integration/wgrywaniepliku.js",
      "beforeHooks": [],
      "afterHooks": [],
      "tests": [],
      "suites": [
        {
          "uuid": "d48d2330-a32c-4264-8188-9c59cabe321e",
          "title": "E2E - Wgrywanie pliku",
          "fullFile": "",
          "file": "",
          "beforeHooks": [],
          "afterHooks": [],
          "tests": [
            {
              "title": "Wgrywanie pliku do input",
              "fullTitle": "E2E - Wgrywanie pliku Wgrywanie pliku do input",
              "timedOut": null,
              "duration": 4677,
              "state": "failed",
              "speed": null,
              "pass": false,
              "fail": true,
              "pending": false,
              "context": null,
              "code": "cy.visit(\"https://ps.uci.edu/~franklin/doc/file_upload.html\");\ncy.get('[name=\"userfile\"]').attachFile(\"../fixtures/piesek.jpg\");\ncy.get(\"span.filename\").should(\"contain\", \"piesek.jpg\");",
              "err": {
                "message": "AssertionError: Timed out retrying after 4000ms: Expected to find element: `span.filename`, but never found it.",
                "estack": "AssertionError: Timed out retrying after 4000ms: Expected to find element: `span.filename`, but never found it.\n    at Context.eval (https://ps.uci.edu/__cypress/tests?p=cypress\\integration\\wgrywaniepliku.js:104:29)",
                "diff": null
              },
              "uuid": "8979e453-6e75-4e63-befc-e84ac23d0daf",
              "parentUUID": "d48d2330-a32c-4264-8188-9c59cabe321e",
              "isHook": false,
              "skipped": false
            }
          ],
          "suites": [],
          "passes": [],
          "failures": [
            "8979e453-6e75-4e63-befc-e84ac23d0daf"
          ],
          "pending": [],
          "skipped": [],
          "duration": 4677,
          "root": false,
          "rootEmpty": false,
          "_timeout": 2000
        }
      ],
      "passes": [],
      "failures": [],
      "pending": [],
      "skipped": [],
      "duration": 0,
      "root": true,
      "rootEmpty": true,
      "_timeout": 2000
    }
  ],
  "meta": {
    "mocha": {
      "version": "7.0.1"
    },
    "mochawesome": {
      "options": {
        "quiet": false,
        "reportFilename": "mochawesome",
        "saveHtml": false,
        "saveJson": true,
        "consoleReporter": "spec",
        "useInlineDiffs": false,
        "code": true
      },
      "version": "7.1.3"
    },
    "marge": {
      "options": {
        "id": "default",
        "reportDir": "cypress/results/mochawasomenpm",
        "overwrite": false,
        "html": false,
        "json": true
      },
      "version": "6.2.0"
    }
  }
}