{
  "stats": {
    "suites": 1,
    "tests": 2,
    "passes": 1,
    "pending": 0,
    "failures": 1,
    "start": "2023-12-26T18:13:16.444Z",
    "end": "2023-12-26T18:13:21.585Z",
    "duration": 5141,
    "testsRegistered": 2,
    "passPercent": 50,
    "pendingPercent": 0,
    "other": 0,
    "hasOther": false,
    "skipped": 0,
    "hasSkipped": false
  },
  "results": [
    {
      "uuid": "7208d931-bd6d-48db-b632-803f19cd4945",
      "title": "",
      "fullFile": "cypress/integration/lokalizatory.js",
      "file": "cypress/integration/lokalizatory.js",
      "beforeHooks": [],
      "afterHooks": [],
      "tests": [],
      "suites": [
        {
          "uuid": "840dfa8d-d2a1-4cdf-b7fb-035da88ba109",
          "title": "E2E - Lesson",
          "fullFile": "",
          "file": "",
          "beforeHooks": [],
          "afterHooks": [],
          "tests": [
            {
              "title": "Lokalizatory",
              "fullTitle": "E2E - Lesson Lokalizatory",
              "timedOut": null,
              "duration": 699,
              "state": "passed",
              "speed": "fast",
              "pass": true,
              "fail": false,
              "pending": false,
              "context": null,
              "code": "cy.visit('/'); //Po znaczniku\ncy.get(\"div\"); //Identyfikator \ncy.get(\"#login\"); //Klasa\ncy.get(\".MuiLink-underlineHover\"); //Atrybut\ncy.get('[name=\"password\"]'); //Dokładniejszy atrybut wraz zpodaniem znacznika\ncy.get('input[type=\"password\"]'); //Pobieranie elementów po kilku atrybutach\n// cy.get('[src=\"https://testelka.pl/wp-content/uploads/LinkTextSelector.png\"][width=\"381\"]')\n//Zalecana praktyka pobierania elementów\n//Atrybuty stworzone specialnie na potrzeby testów zapisane w znaczniku",
              "err": {},
              "uuid": "cccafbcf-b21a-4693-b57c-40a9ca941ab8",
              "parentUUID": "840dfa8d-d2a1-4cdf-b7fb-035da88ba109",
              "isHook": false,
              "skipped": false
            },
            {
              "title": "Lokalizatory część 2",
              "fullTitle": "E2E - Lesson Lokalizatory część 2",
              "timedOut": null,
              "duration": 4343,
              "state": "failed",
              "speed": null,
              "pass": false,
              "fail": true,
              "pending": false,
              "context": null,
              "code": "cy.contains(\"Przypomnij hasło\");\ncy.contains('Polski');\ncy.get(\"div\").parents(\"#login-label\"); // cy.contains('[title=\"contact us\"', 'contact us')",
              "err": {
                "message": "AssertionError: Timed out retrying after 4000ms: Expected to find element: `#login-label`, but never found it. Queried from element: [ <div#__next>, 10 more... ]",
                "estack": "AssertionError: Timed out retrying after 4000ms: Expected to find element: `#login-label`, but never found it. Queried from element: [ <div#__next>, 10 more... ]\n    at Context.eval (https://dareit.futbolkolektyw.pl/__cypress/tests?p=cypress\\integration\\lokalizatory.js:120:19)",
                "diff": null
              },
              "uuid": "b7cc03f2-2a50-44fc-a51d-e3b2aec35d35",
              "parentUUID": "840dfa8d-d2a1-4cdf-b7fb-035da88ba109",
              "isHook": false,
              "skipped": false
            }
          ],
          "suites": [],
          "passes": [
            "cccafbcf-b21a-4693-b57c-40a9ca941ab8"
          ],
          "failures": [
            "b7cc03f2-2a50-44fc-a51d-e3b2aec35d35"
          ],
          "pending": [],
          "skipped": [],
          "duration": 5042,
          "root": false,
          "rootEmpty": false,
          "_timeout": 2000
        }
      ],
      "passes": [],
      "failures": [],
      "pending": [],
      "skipped": [],
      "duration": 0,
      "root": true,
      "rootEmpty": true,
      "_timeout": 2000
    }
  ],
  "meta": {
    "mocha": {
      "version": "7.0.1"
    },
    "mochawesome": {
      "options": {
        "quiet": false,
        "reportFilename": "mochawesome",
        "saveHtml": false,
        "saveJson": true,
        "consoleReporter": "spec",
        "useInlineDiffs": false,
        "code": true
      },
      "version": "7.1.3"
    },
    "marge": {
      "options": {
        "id": "default",
        "reportDir": "cypress/results/mochawasomenpm",
        "overwrite": false,
        "html": false,
        "json": true
      },
      "version": "6.2.0"
    }
  }
}