{
  "stats": {
    "suites": 1,
    "tests": 1,
    "passes": 1,
    "pending": 0,
    "failures": 0,
    "start": "2023-12-26T18:13:02.448Z",
    "end": "2023-12-26T18:13:04.125Z",
    "duration": 1677,
    "testsRegistered": 1,
    "passPercent": 100,
    "pendingPercent": 0,
    "other": 0,
    "hasOther": false,
    "skipped": 0,
    "hasSkipped": false
  },
  "results": [
    {
      "uuid": "acdc16f5-1d8f-487d-bff7-96218fd9155b",
      "title": "",
      "fullFile": "cypress/integration/invoke.js",
      "file": "cypress/integration/invoke.js",
      "beforeHooks": [],
      "afterHooks": [],
      "tests": [],
      "suites": [
        {
          "uuid": "5ff947ec-f234-434f-9ac3-58b6f50fe105",
          "title": "E2E - Metoda Invoke",
          "fullFile": "",
          "file": "",
          "beforeHooks": [],
          "afterHooks": [],
          "tests": [
            {
              "title": "Invoke",
              "fullTitle": "E2E - Metoda Invoke Invoke",
              "timedOut": null,
              "duration": 1643,
              "state": "passed",
              "speed": "fast",
              "pass": true,
              "fail": false,
              "pending": false,
              "context": null,
              "code": "cy.visit(\"/\"); // Pobieranie wartości z danego elementu\ncy.contains('[class=\"MuiTypography-root MuiLink-root MuiLink-underlineHover jss4 MuiTypography-colorPrimary\"]', 'Przypomnij hasło').invoke(\"text\").then(tekst => {\n  cy.log(tekst);\n}); //Uzyskanie dostepu do wartości atrybutu\ncy.contains('[class=\"MuiTypography-root MuiLink-root MuiLink-underlineHover jss4 MuiTypography-colorPrimary\"]', 'Przypomnij hasło').invoke(\"attr\", \"tabindex\").then(Boolean => {\n  cy.log(Boolean);\n}); //Pobieranie wartości\ncy.get(\"#login\").type(\"Przykładowa wartość\").invoke(\"prop\", \"value\").then(wartosc => {\n  cy.log(wartosc);\n});",
              "err": {},
              "uuid": "ab626003-26ba-4c67-b5ed-09d4c2d15f57",
              "parentUUID": "5ff947ec-f234-434f-9ac3-58b6f50fe105",
              "isHook": false,
              "skipped": false
            }
          ],
          "suites": [],
          "passes": [
            "ab626003-26ba-4c67-b5ed-09d4c2d15f57"
          ],
          "failures": [],
          "pending": [],
          "skipped": [],
          "duration": 1643,
          "root": false,
          "rootEmpty": false,
          "_timeout": 2000
        }
      ],
      "passes": [],
      "failures": [],
      "pending": [],
      "skipped": [],
      "duration": 0,
      "root": true,
      "rootEmpty": true,
      "_timeout": 2000
    }
  ],
  "meta": {
    "mocha": {
      "version": "7.0.1"
    },
    "mochawesome": {
      "options": {
        "quiet": false,
        "reportFilename": "mochawesome",
        "saveHtml": false,
        "saveJson": true,
        "consoleReporter": "spec",
        "useInlineDiffs": false,
        "code": true
      },
      "version": "7.1.3"
    },
    "marge": {
      "options": {
        "id": "default",
        "reportDir": "cypress/results/mochawasomenpm",
        "overwrite": false,
        "html": false,
        "json": true
      },
      "version": "6.2.0"
    }
  }
}