{
  "stats": {
    "suites": 1,
    "tests": 1,
    "passes": 1,
    "pending": 0,
    "failures": 0,
    "start": "2023-12-26T18:13:12.184Z",
    "end": "2023-12-26T18:13:13.043Z",
    "duration": 859,
    "testsRegistered": 1,
    "passPercent": 100,
    "pendingPercent": 0,
    "other": 0,
    "hasOther": false,
    "skipped": 0,
    "hasSkipped": false
  },
  "results": [
    {
      "uuid": "5ea00a96-f64d-4fd0-9193-dcee69b68d36",
      "title": "",
      "fullFile": "cypress/integration/lighthouse.js",
      "file": "cypress/integration/lighthouse.js",
      "beforeHooks": [],
      "afterHooks": [],
      "tests": [],
      "suites": [
        {
          "uuid": "6cc332b2-f0c6-44a8-8f1c-1ab8cfdcf901",
          "title": "Lighthouse Test",
          "fullFile": "",
          "file": "",
          "beforeHooks": [],
          "afterHooks": [],
          "tests": [
            {
              "title": "test pierwszej strony",
              "fullTitle": "Lighthouse Test test pierwszej strony",
              "timedOut": null,
              "duration": 784,
              "state": "passed",
              "speed": "fast",
              "pass": true,
              "fail": false,
              "pending": false,
              "context": null,
              "code": "cy.lighthouse({\n  accessibility: 40,\n  \"best-practices\": 50,\n  seo: 50,\n  pwa: 20,\n  performance: 50\n});",
              "err": {},
              "uuid": "d1be8f00-6eb3-4691-a0d0-b20efdcddb74",
              "parentUUID": "6cc332b2-f0c6-44a8-8f1c-1ab8cfdcf901",
              "isHook": false,
              "skipped": false
            }
          ],
          "suites": [],
          "passes": [
            "d1be8f00-6eb3-4691-a0d0-b20efdcddb74"
          ],
          "failures": [],
          "pending": [],
          "skipped": [],
          "duration": 784,
          "root": false,
          "rootEmpty": false,
          "_timeout": 2000
        }
      ],
      "passes": [],
      "failures": [],
      "pending": [],
      "skipped": [],
      "duration": 0,
      "root": true,
      "rootEmpty": true,
      "_timeout": 2000
    }
  ],
  "meta": {
    "mocha": {
      "version": "7.0.1"
    },
    "mochawesome": {
      "options": {
        "quiet": false,
        "reportFilename": "mochawesome",
        "saveHtml": false,
        "saveJson": true,
        "consoleReporter": "spec",
        "useInlineDiffs": false,
        "code": true
      },
      "version": "7.1.3"
    },
    "marge": {
      "options": {
        "id": "default",
        "reportDir": "cypress/results/mochawasomenpm",
        "overwrite": false,
        "html": false,
        "json": true
      },
      "version": "6.2.0"
    }
  }
}