{
  "stats": {
    "suites": 1,
    "tests": 3,
    "passes": 3,
    "pending": 0,
    "failures": 0,
    "start": "2024-01-11T19:05:43.565Z",
    "end": "2024-01-11T19:05:52.647Z",
    "duration": 9082,
    "testsRegistered": 3,
    "passPercent": 100,
    "pendingPercent": 0,
    "other": 0,
    "hasOther": false,
    "skipped": 0,
    "hasSkipped": false
  },
  "results": [
    {
      "uuid": "bf506bc3-8850-435c-b812-b919830010a1",
      "title": "",
      "fullFile": "cypress/integration/editPlayer.js",
      "file": "cypress/integration/editPlayer.js",
      "beforeHooks": [],
      "afterHooks": [],
      "tests": [],
      "suites": [
        {
          "uuid": "626b364a-2c06-4032-98dd-db2bba59c64c",
          "title": "Edit existing player",
          "fullFile": "",
          "file": "",
          "beforeHooks": [],
          "afterHooks": [],
          "tests": [
            {
              "title": "Login",
              "fullTitle": "Edit existing player Login",
              "timedOut": null,
              "duration": 1487,
              "state": "passed",
              "speed": "fast",
              "pass": true,
              "fail": false,
              "pending": false,
              "context": null,
              "code": "cy.visit(\"/\");\ncy.get(\"#login\").click().type(this.exempleData.login);\ncy.get(\"#password\").click().type(this.exempleData.password);\ncy.get(\".MuiButton-label\").eq(0).click();",
              "err": {},
              "uuid": "f215debc-6c03-4bc8-8108-f438d6e87c14",
              "parentUUID": "626b364a-2c06-4032-98dd-db2bba59c64c",
              "isHook": false,
              "skipped": false
            },
            {
              "title": "Edit player",
              "fullTitle": "Edit existing player Edit player",
              "timedOut": null,
              "duration": 7482,
              "state": "passed",
              "speed": "medium",
              "pass": true,
              "fail": false,
              "pending": false,
              "context": null,
              "code": "cy.contains(\"Activity\").get(\"a\").eq(2).click();\ncy.get('input[name=\"name\"]').clear(this.exempleData.name);\ncy.get('input[name=\"name\"]').type(this.exempleData.editName);\ncy.get('input[name=\"surname\"]').clear(this.exempleData.surname);\ncy.get('input[name=\"surname\"]').type(this.exempleData.editSurname);\ncy.get('input[name=\"phone\"]').clear(this.exempleData.phone, {\n  delay: 10\n});\ncy.get('input[name=\"phone\"]').type(this.exempleData.editPhone, {\n  delay: 10\n});\ncy.get('input[name=\"prevClub\"]').clear(this.exempleData.prevClub);\ncy.get('input[name=\"prevClub\"]').type(this.exempleData.editPrevClub);\ncy.get('button[type=\"submit\"]').click();\ncy.get('div[class=\"Toastify__toast Toastify__toast--success\"]').click();\ncy.get(\"span\").contains(\"Main page\").click();\ncy.contains(\"Activity\").get(\"a\").eq(2).click();",
              "err": {},
              "uuid": "66ca92ef-6bed-4be3-8f65-f500be9f7968",
              "parentUUID": "626b364a-2c06-4032-98dd-db2bba59c64c",
              "isHook": false,
              "skipped": false
            },
            {
              "title": "Assertion of edit player",
              "fullTitle": "Edit existing player Assertion of edit player",
              "timedOut": null,
              "duration": 54,
              "state": "passed",
              "speed": "fast",
              "pass": true,
              "fail": false,
              "pending": false,
              "context": null,
              "code": "cy.get('span[class=\"MuiTypography-root MuiListItemText-primary MuiTypography-body1 MuiTypography-displayBlock\"]').should(\"contain\", \"Karol Wieczorek\");",
              "err": {},
              "uuid": "70724435-aa51-4af4-87e0-ecb7752b0a72",
              "parentUUID": "626b364a-2c06-4032-98dd-db2bba59c64c",
              "isHook": false,
              "skipped": false
            }
          ],
          "suites": [],
          "passes": [
            "f215debc-6c03-4bc8-8108-f438d6e87c14",
            "66ca92ef-6bed-4be3-8f65-f500be9f7968",
            "70724435-aa51-4af4-87e0-ecb7752b0a72"
          ],
          "failures": [],
          "pending": [],
          "skipped": [],
          "duration": 9023,
          "root": false,
          "rootEmpty": false,
          "_timeout": 2000
        }
      ],
      "passes": [],
      "failures": [],
      "pending": [],
      "skipped": [],
      "duration": 0,
      "root": true,
      "rootEmpty": true,
      "_timeout": 2000
    }
  ],
  "meta": {
    "mocha": {
      "version": "7.0.1"
    },
    "mochawesome": {
      "options": {
        "quiet": false,
        "reportFilename": "mochawesome",
        "saveHtml": false,
        "saveJson": true,
        "consoleReporter": "spec",
        "useInlineDiffs": false,
        "code": true
      },
      "version": "7.1.3"
    },
    "marge": {
      "options": {
        "id": "default",
        "reportDir": "cypress/results/mochawasomenpm",
        "overwrite": false,
        "html": false,
        "json": true
      },
      "version": "6.2.0"
    }
  }
}