<?xml version="1.0" encoding="UTF-8"?>
<testsuites name="Mocha Tests" time="0.859" tests="1" failures="0">
  <testsuite name="Root Suite" timestamp="2023-12-26T18:13:12" tests="0" file="cypress/integration/lighthouse.js" time="0.000" failures="0">
  </testsuite>
  <testsuite name="Lighthouse Test" timestamp="2023-12-26T18:13:12" tests="1" time="0.785" failures="0">
    <testcase name="Lighthouse Test test pierwszej strony" time="0.784" classname="test pierwszej strony">
    </testcase>
  </testsuite>
</testsuites>