<?xml version="1.0" encoding="UTF-8"?>
<testsuites name="Mocha Tests" time="1.681" tests="1" failures="0">
  <testsuite name="Root Suite" timestamp="2024-01-11T19:05:55" tests="0" file="cypress/integration/failedLogin.js" time="0.000" failures="0">
  </testsuite>
  <testsuite name="E2E - Failed Login" timestamp="2024-01-11T19:05:55" tests="1" time="1.608" failures="0">
    <testcase name="E2E - Failed Login Failed Login" time="1.631" classname="Failed Login">
    </testcase>
  </testsuite>
</testsuites>