<?xml version="1.0" encoding="UTF-8"?>
<testsuites name="Mocha Tests" time="14.986" tests="1" failures="0">
  <testsuite name="Root Suite" timestamp="2023-12-26T18:12:16" tests="0" file="cypress/integration/asercja.js" time="0.000" failures="0">
  </testsuite>
  <testsuite name="E2E - Asercje" timestamp="2023-12-26T18:12:16" tests="1" time="14.898" failures="0">
    <testcase name="E2E - Asercje Asercje expect oraz should" time="9.798" classname="Asercje expect oraz should">
    </testcase>
  </testsuite>
</testsuites>