<?xml version="1.0" encoding="UTF-8"?>
<testsuites name="Mocha Tests" time="4.657" tests="1" failures="0">
  <testsuite name="Root Suite" timestamp="2023-12-26T18:12:54" tests="0" file="cypress/integration/examplePageObjectModel.js" time="0.000" failures="0">
  </testsuite>
  <testsuite name="E2E - Akcja wybierania opcji" timestamp="2023-12-26T18:12:54" tests="1" time="4.574" failures="0">
    <testcase name="E2E - Akcja wybierania opcji Kliknięcie na element" time="4.617" classname="Kliknięcie na element">
    </testcase>
  </testsuite>
</testsuites>