<?xml version="1.0" encoding="UTF-8"?>
<testsuites name="Mocha Tests" time="5.066" tests="1" failures="1">
  <testsuite name="Root Suite" timestamp="2023-12-26T18:12:35" tests="0" file="cypress/integration/checkbox.js" time="0.000" failures="0">
  </testsuite>
  <testsuite name="E2E - Akcja kliknięcia checkbox" timestamp="2023-12-26T18:12:35" tests="1" time="5.001" failures="1">
    <testcase name="E2E - Akcja kliknięcia checkbox Kliknięcie na element" time="0.000" classname="Kliknięcie na element">
      <failure message="Timed out retrying after 4000ms: Expected to find element: `.bapf_body`, but never found it." type="AssertionError"><![CDATA[AssertionError: Timed out retrying after 4000ms: Expected to find element: `.bapf_body`, but never found it.
    at Context.eval (https://dareit.futbolkolektyw.pl/__cypress/tests?p=cypress\integration\checkbox.js:103:8)]]></failure>
    </testcase>
  </testsuite>
</testsuites>