<?xml version="1.0" encoding="UTF-8"?>
<testsuites name="Mocha Tests" time="0.808" tests="1" failures="0">
  <testsuite name="Root Suite" timestamp="2024-01-14T10:28:11" tests="0" file="cypress/integration/lighthouse.js" time="0.000" failures="0">
  </testsuite>
  <testsuite name="Lighthouse Test" timestamp="2024-01-14T10:28:11" tests="1" time="0.695" failures="0">
    <testcase name="Lighthouse Test Webside test" time="0.728" classname="Webside test">
    </testcase>
  </testsuite>
</testsuites>