<?xml version="1.0" encoding="UTF-8"?>
<testsuites name="Mocha Tests" time="1.131" tests="1" failures="0">
  <testsuite name="Root Suite" timestamp="2023-12-26T18:13:07" tests="0" file="cypress/integration/klik.js" time="0.000" failures="0">
  </testsuite>
  <testsuite name="E2E - Akcja kliknięcia" timestamp="2023-12-26T18:13:07" tests="1" time="1.065" failures="0">
    <testcase name="E2E - Akcja kliknięcia Kliknięcie na element" time="1.096" classname="Kliknięcie na element">
    </testcase>
  </testsuite>
</testsuites>