<?xml version="1.0" encoding="UTF-8"?>
<testsuites name="Mocha Tests" time="2.632" tests="1" failures="0">
  <testsuite name="Root Suite" timestamp="2024-01-11T08:19:55" tests="0" file="cypress/integration/failedLogin.js" time="0.000" failures="0">
  </testsuite>
  <testsuite name="E2E - Failed Login" timestamp="2024-01-11T08:19:55" tests="1" time="2.542" failures="0">
    <testcase name="E2E - Failed Login Failed Login" time="2.590" classname="Failed Login">
    </testcase>
  </testsuite>
</testsuites>