<?xml version="1.0" encoding="UTF-8"?>
<testsuites name="Mocha Tests" time="8.262" tests="1" failures="1">
  <testsuite name="Root Suite" timestamp="2023-12-26T18:14:20" tests="0" file="cypress/integration/wgrywaniepliku.js" time="0.000" failures="0">
  </testsuite>
  <testsuite name="E2E - Wgrywanie pliku" timestamp="2023-12-26T18:14:20" tests="1" time="8.195" failures="1">
    <testcase name="E2E - Wgrywanie pliku Wgrywanie pliku do input" time="0.000" classname="Wgrywanie pliku do input">
      <failure message="Timed out retrying after 4000ms: Expected to find element: `span.filename`, but never found it." type="AssertionError"><![CDATA[AssertionError: Timed out retrying after 4000ms: Expected to find element: `span.filename`, but never found it.
    at Context.eval (https://ps.uci.edu/__cypress/tests?p=cypress\integration\wgrywaniepliku.js:104:29)]]></failure>
    </testcase>
  </testsuite>
</testsuites>